# JRE version: OpenJDK Runtime Environment (15.0.2+7) (build 15.0.2+7-27)
# Java VM: OpenJDK 64-Bit Server VM (15.0.2+7-27, mixed mode, tiered, compressed oops, g1 gc, windows-amd64)
GC Precious Log:
 CPUs: 4 total, 4 available
 Memory: 3964M
 Large Page Support: Disabled
 NUMA Support: Disabled
 Compressed Oops: Enabled (32-bit)
 Heap Region Size: 1M
 Heap Min Capacity: 8M
 Heap Initial Capacity: 62M
 Heap Max Capacity: 992M
 Pre-touch: Disabled
 Parallel Workers: 4
 Concurrent Workers: 1
 Concurrent Refinement Workers: 4
 Periodic GC: Disabled
Heap:
 garbage-first heap   total 24576K, used 14136K [0x00000000c2000000, 0x0000000100000000)
  region size 1024K, 4 young (4096K), 1 survivors (1024K)
 Metaspace       used 36443K, capacity 36818K, committed 36992K, reserved 1081344K
  class space    used 4058K, capacity 4187K, committed 4224K, reserved 1048576K
GC Heap History (20 events):
Event: 7.996 GC heap before
{Heap before GC invocations=2 (full 0):
 garbage-first heap   total 63488K, used 22355K [0x00000000c2000000, 0x0000000100000000)
  region size 1024K, 21 young (21504K), 2 survivors (2048K)
 Metaspace       used 20994K, capacity 21141K, committed 21248K, reserved 1069056K
  class space    used 2190K, capacity 2243K, committed 2304K, reserved 1048576K
}
Event: 8.003 GC heap after
{Heap after GC invocations=3 (full 0):
 garbage-first heap   total 63488K, used 5784K [0x00000000c2000000, 0x0000000100000000)
  region size 1024K, 2 young (2048K), 2 survivors (2048K)
 Metaspace       used 20994K, capacity 21141K, committed 21248K, reserved 1069056K
  class space    used 2190K, capacity 2243K, committed 2304K, reserved 1048576K
}
Event: 8.705 GC heap before
{Heap before GC invocations=4 (full 0):
 garbage-first heap   total 24576K, used 18072K [0x00000000c2000000, 0x0000000100000000)
  region size 1024K, 14 young (14336K), 2 survivors (2048K)
 Metaspace       used 23726K, capacity 24029K, committed 24192K, reserved 1071104K
  class space    used 2566K, capacity 2672K, committed 2688K, reserved 1048576K
}
Event: 8.712 GC heap after
{Heap after GC invocations=5 (full 0):
 garbage-first heap   total 24576K, used 6574K [0x00000000c2000000, 0x0000000100000000)
  region size 1024K, 2 young (2048K), 2 survivors (2048K)
 Metaspace       used 23726K, capacity 24029K, committed 24192K, reserved 1071104K
  class space    used 2566K, capacity 2672K, committed 2688K, reserved 1048576K
}
Event: 10.023 GC heap before
{Heap before GC invocations=5 (full 0):
 garbage-first heap   total 24576K, used 15790K [0x00000000c2000000, 0x0000000100000000)
  region size 1024K, 11 young (11264K), 2 survivors (2048K)
 Metaspace       used 24638K, capacity 24915K, committed 25088K, reserved 1071104K
  class space    used 2674K, capacity 2753K, committed 2816K, reserved 1048576K
}
Event: 10.028 GC heap after
{Heap after GC invocations=6 (full 0):
 garbage-first heap   total 24576K, used 7445K [0x00000000c2000000, 0x0000000100000000)
  region size 1024K, 2 young (2048K), 2 survivors (2048K)
 Metaspace       used 24638K, capacity 24915K, committed 25088K, reserved 1071104K
  class space    used 2674K, capacity 2753K, committed 2816K, reserved 1048576K
}
Event: 12.003 GC heap before
{Heap before GC invocations=6 (full 0):
 garbage-first heap   total 24576K, used 15637K [0x00000000c2000000, 0x0000000100000000)
  region size 1024K, 11 young (11264K), 2 survivors (2048K)
 Metaspace       used 26060K, capacity 26370K, committed 26496K, reserved 1073152K
  class space    used 2834K, capacity 2932K, committed 2944K, reserved 1048576K
}
Event: 12.010 GC heap after
{Heap after GC invocations=7 (full 0):
 garbage-first heap   total 24576K, used 7739K [0x00000000c2000000, 0x0000000100000000)
  region size 1024K, 2 young (2048K), 2 survivors (2048K)
 Metaspace       used 26060K, capacity 26370K, committed 26496K, reserved 1073152K
  class space    used 2834K, capacity 2932K, committed 2944K, reserved 1048576K
}
Event: 14.584 GC heap before
{Heap before GC invocations=7 (full 0):
 garbage-first heap   total 24576K, used 16955K [0x00000000c2000000, 0x0000000100000000)
  region size 1024K, 11 young (11264K), 2 survivors (2048K)
 Metaspace       used 28385K, capacity 28693K, committed 28928K, reserved 1075200K
  class space    used 3138K, capacity 3258K, committed 3328K, reserved 1048576K
}
Event: 14.594 GC heap after
{Heap after GC invocations=8 (full 0):
 garbage-first heap   total 24576K, used 8647K [0x00000000c2000000, 0x0000000100000000)
  region size 1024K, 2 young (2048K), 2 survivors (2048K)
 Metaspace       used 28385K, capacity 28693K, committed 28928K, reserved 1075200K
  class space    used 3138K, capacity 3258K, committed 3328K, reserved 1048576K
}
Event: 18.675 GC heap before
{Heap before GC invocations=8 (full 0):
 garbage-first heap   total 24576K, used 15815K [0x00000000c2000000, 0x0000000100000000)
  region size 1024K, 10 young (10240K), 2 survivors (2048K)
 Metaspace       used 30629K, capacity 30952K, committed 31232K, reserved 1077248K
  class space    used 3398K, capacity 3519K, committed 3584K, reserved 1048576K
}
Event: 18.684 GC heap after
{Heap after GC invocations=9 (full 0):
 garbage-first heap   total 24576K, used 9645K [0x00000000c2000000, 0x0000000100000000)
  region size 1024K, 2 young (2048K), 2 survivors (2048K)
 Metaspace       used 30629K, capacity 30952K, committed 31232K, reserved 1077248K
  class space    used 3398K, capacity 3519K, committed 3584K, reserved 1048576K
}
Event: 21.535 GC heap before
{Heap before GC invocations=9 (full 0):
 garbage-first heap   total 24576K, used 17837K [0x00000000c2000000, 0x0000000100000000)
  region size 1024K, 10 young (10240K), 2 survivors (2048K)
 Metaspace       used 32388K, capacity 32716K, committed 32896K, reserved 1079296K
  class space    used 3584K, capacity 3680K, committed 3712K, reserved 1048576K
}
Event: 21.542 GC heap after
{Heap after GC invocations=10 (full 0):
 garbage-first heap   total 24576K, used 10242K [0x00000000c2000000, 0x0000000100000000)
  region size 1024K, 2 young (2048K), 2 survivors (2048K)
 Metaspace       used 32388K, capacity 32716K, committed 32896K, reserved 1079296K
  class space    used 3584K, capacity 3680K, committed 3712K, reserved 1048576K
}
Event: 22.152 GC heap before
{Heap before GC invocations=10 (full 0):
 garbage-first heap   total 24576K, used 17410K [0x00000000c2000000, 0x0000000100000000)
  region size 1024K, 9 young (9216K), 2 survivors (2048K)
 Metaspace       used 33503K, capacity 33896K, committed 34176K, reserved 1079296K
  class space    used 3718K, capacity 3853K, committed 3968K, reserved 1048576K
}
Event: 22.163 GC heap after
{Heap after GC invocations=11 (full 0):
 garbage-first heap   total 24576K, used 11267K [0x00000000c2000000, 0x0000000100000000)
  region size 1024K, 2 young (2048K), 2 survivors (2048K)
 Metaspace       used 33503K, capacity 33896K, committed 34176K, reserved 1079296K
  class space    used 3718K, capacity 3853K, committed 3968K, reserved 1048576K
}
Event: 24.140 GC heap before
{Heap before GC invocations=11 (full 0):
 garbage-first heap   total 24576K, used 17411K [0x00000000c2000000, 0x0000000100000000)
  region size 1024K, 8 young (8192K), 2 survivors (2048K)
 Metaspace       used 34710K, capacity 35072K, committed 35328K, reserved 1081344K
  class space    used 3875K, capacity 3989K, committed 4096K, reserved 1048576K
}
Event: 24.146 GC heap after
{Heap after GC invocations=12 (full 0):
 garbage-first heap   total 24576K, used 11871K [0x00000000c2000000, 0x0000000100000000)
  region size 1024K, 1 young (1024K), 1 survivors (1024K)
 Metaspace       used 34710K, capacity 35072K, committed 35328K, reserved 1081344K
  class space    used 3875K, capacity 3989K, committed 4096K, reserved 1048576K
}
Event: 228.496 GC heap before
{Heap before GC invocations=12 (full 0):
 garbage-first heap   total 24576K, used 12895K [0x00000000c2000000, 0x0000000100000000)
  region size 1024K, 3 young (3072K), 1 survivors (1024K)
 Metaspace       used 35499K, capacity 35826K, committed 35840K, reserved 1081344K
  class space    used 3961K, capacity 4091K, committed 4096K, reserved 1048576K
}
Event: 228.564 GC heap after
{Heap after GC invocations=13 (full 0):
 garbage-first heap   total 24576K, used 12088K [0x00000000c2000000, 0x0000000100000000)
  region size 1024K, 1 young (1024K), 1 survivors (1024K)
 Metaspace       used 35499K, capacity 35826K, committed 35840K, reserved 1081344K
  class space    used 3961K, capacity 4091K, committed 4096K, reserved 1048576K
}

